[14:41:50] [main/INFO]: Loading Minecraft 1.21.10 with Fabric Loader 0.18.1
[14:41:51] [main/INFO]: Loading 73 mods:
	- anglesnap 0.8.0+mc1.21.10
	- fabric-api 0.138.3+1.21.10
	   |-- fabric-api-base 1.0.0+14b92d896f
	   |-- fabric-api-lookup-api-v1 1.6.106+d17682156f
	   |-- fabric-biome-api-v1 16.1.0+c2417d4f6f
	   |-- fabric-block-api-v1 1.1.5+d17682156f
	   |-- fabric-block-view-api-v2 1.0.34+e4fd1b926f
	   |-- fabric-command-api-v2 2.4.0+c0ab2d5d6f
	   |-- fabric-content-registries-v0 10.2.6+b6a242646f
	   |-- fabric-convention-tags-v1 2.1.49+7f945d5b6f
	   |-- fabric-convention-tags-v2 2.17.0+ff7bc77d6f
	   |-- fabric-crash-report-info-v1 0.3.18+33df5e6e6f
	   |-- fabric-data-attachment-api-v1 1.8.33+cd3b9e596f
	   |-- fabric-data-generation-api-v1 23.2.27+d8b85ef16f
	   |-- fabric-dimensions-v1 4.0.22+38b9cc196f
	   |-- fabric-entity-events-v1 2.1.13+fde3702c6f
	   |-- fabric-events-interaction-v0 4.0.36+5ba217126f
	   |-- fabric-game-rule-api-v1 1.1.1+e47eaae56f
	   |-- fabric-item-api-v1 11.5.11+9bce411b6f
	   |-- fabric-item-group-api-v1 4.2.27+86b3ae576f
	   |-- fabric-key-binding-api-v1 1.1.1+b3ba9c486f
	   |-- fabric-lifecycle-events-v1 2.6.9+33df5e6e6f
	   |-- fabric-loot-api-v2 3.0.67+3f89f5a56f
	   |-- fabric-loot-api-v3 2.0.14+d17682156f
	   |-- fabric-message-api-v1 6.1.7+3154c1c86f
	   |-- fabric-model-loading-api-v1 6.0.4+3ffd6ef06f
	   |-- fabric-networking-api-v1 5.1.0+b095d8db6f
	   |-- fabric-object-builder-api-v1 21.1.28+9bce411b6f
	   |-- fabric-particles-v1 4.2.3+a0ee59a46f
	   |-- fabric-recipe-api-v1 8.2.0+39709ef06f
	   |-- fabric-registry-sync-v0 6.1.42+679c8c5c6f
	   |-- fabric-renderer-api-v1 7.2.2+3706cdf36f
	   |-- fabric-renderer-indigo 4.1.3+d7df91576f
	   |-- fabric-rendering-fluids-v1 3.1.38+86b3ae576f
	   |-- fabric-rendering-v1 16.2.0+bee81f016f
	   |-- fabric-resource-conditions-api-v1 5.0.28+33df5e6e6f
	   |-- fabric-resource-loader-v0 3.3.1+d4d4122a6f
	   |-- fabric-resource-loader-v1 1.0.4+14959b836f
	   |-- fabric-screen-api-v1 3.1.0+9c82a7986f
	   |-- fabric-screen-handler-api-v1 1.3.151+d17682156f
	   |-- fabric-serialization-api-v1 1.0.0+d857c9766f
	   |-- fabric-sound-api-v1 1.0.45+328a75ba6f
	   |-- fabric-tag-api-v1 1.2.13+2fa446b26f
	   |-- fabric-transfer-api-v1 6.0.15+79ec2c126f
	   \-- fabric-transitive-access-wideners-v1 6.5.3+41eb43436f
	- fabric-language-kotlin 1.13.7+kotlin.2.2.21
	   |-- org_jetbrains_kotlin_kotlin-reflect 2.2.21
	   |-- org_jetbrains_kotlin_kotlin-stdlib 2.2.21
	   |-- org_jetbrains_kotlin_kotlin-stdlib-jdk7 2.2.21
	   |-- org_jetbrains_kotlin_kotlin-stdlib-jdk8 2.2.21
	   |-- org_jetbrains_kotlinx_atomicfu-jvm 0.29.0
	   |-- org_jetbrains_kotlinx_kotlinx-coroutines-core-jvm 1.10.2
	   |-- org_jetbrains_kotlinx_kotlinx-coroutines-jdk8 1.10.2
	   |-- org_jetbrains_kotlinx_kotlinx-datetime-jvm 0.7.1
	   |-- org_jetbrains_kotlinx_kotlinx-io-bytestring-jvm 0.8.0
	   |-- org_jetbrains_kotlinx_kotlinx-io-core-jvm 0.8.0
	   |-- org_jetbrains_kotlinx_kotlinx-serialization-cbor-jvm 1.9.0
	   |-- org_jetbrains_kotlinx_kotlinx-serialization-core-jvm 1.9.0
	   \-- org_jetbrains_kotlinx_kotlinx-serialization-json-jvm 1.9.0
	- fabricloader 0.18.1
	   \-- mixinextras 0.5.0
	- firework-elytra 1.0.0
	- iris 1.9.6+mc1.21.9
	   |-- io_github_douira_glsl-transformer 3.0.0-pre3
	   |-- org_anarres_jcpp 1.4.14
	   \-- org_antlr_antlr4-runtime 4.13.1
	- java 21
	- minecraft 1.21.10
	- modmenu 16.0.0-rc.1
	- placeholder-api 2.8.1+1.21.10
	- sodium 0.7.3+mc1.21.10
	- toggleelytra 1.0.0
	- vaulttracker 1.0.0
[14:41:51] [main/INFO]: SpongePowered MIXIN Subsystem Version=0.8.7 Source=file:/C:/Users/G1515/AppData/Roaming/ModrinthApp/meta/libraries/net/fabricmc/sponge-mixin/0.16.5+mixin.0.8.7/sponge-mixin-0.16.5+mixin.0.8.7.jar Service=Knot/Fabric Env=CLIENT
[14:41:51] [main/INFO]: Compatibility level set to JAVA_21
[14:41:51] [main/WARN]: Reference map 'iris.refmap.json' for mixins.iris.json could not be read. If this is a development environment you can ignore this message
[14:41:51] [main/WARN]: Reference map 'iris-fabric.refmap.json' for mixins.iris.fabric.json could not be read. If this is a development environment you can ignore this message
[14:41:51] [main/WARN]: Reference map 'iris.refmap.json' for mixins.iris.fantastic.json could not be read. If this is a development environment you can ignore this message
[14:41:51] [main/WARN]: Reference map 'iris.refmap.json' for mixins.iris.vertexformat.json could not be read. If this is a development environment you can ignore this message
[14:41:51] [main/WARN]: Reference map 'iris.refmap.json' for mixins.iris.bettermipmaps.json could not be read. If this is a development environment you can ignore this message
[14:41:51] [main/WARN]: Reference map 'iris.refmap.json' for mixins.iris.compat.sodium.json could not be read. If this is a development environment you can ignore this message
[14:41:51] [main/WARN]: Reference map 'iris.refmap.json' for mixins.iris.fixes.maxfpscrash.json could not be read. If this is a development environment you can ignore this message
[14:41:51] [main/INFO]: Loaded configuration file for Sodium: 42 options available, 1 override(s) found
[14:41:52] [main/WARN]: Force-disabling mixin 'features.render.world.sky.FogRendererMixin' as rule 'mixin.features.render.world.sky' (added by mods [iris]) disables it and children
[14:41:52] [main/WARN]: Force-disabling mixin 'features.render.world.sky.ClientLevelMixin' as rule 'mixin.features.render.world.sky' (added by mods [iris]) disables it and children
[14:41:52] [main/WARN]: Force-disabling mixin 'features.render.world.sky.LevelRendererMixin' as rule 'mixin.features.render.world.sky' (added by mods [iris]) disables it and children
[14:41:52] [main/INFO]: Searching for graphics cards...
[14:41:52] [main/INFO]: Found graphics adapter: AdapterInfo{vendor=NVIDIA, description='NVIDIA GeForce RTX 4060 Laptop GPU', adapterType=0x00002313, openglIcdFilePath='C:\WINDOWS\System32\DriverStore\FileRepository\nvamsi.inf_amd64_1baba5ad8bf4f484\nvoglv64.dll', openglIcdVersion=32.0.15.8129}
[14:41:52] [main/INFO]: Found graphics adapter: AdapterInfo{vendor=INTEL, description='Intel(R) Iris(R) Xe Graphics', adapterType=0x0000232B, openglIcdFilePath='C:\Windows\System32\DriverStore\FileRepository\iigd_dch.inf_amd64_c7b02f5071f30130\igxelpicd64.dll', openglIcdVersion=31.0.101.4146}
[14:41:52] [main/WARN]: Sodium has applied one or more workarounds to prevent crashes or other issues on your system: [NVIDIA_THREADED_OPTIMIZATIONS_BROKEN]
[14:41:52] [main/WARN]: This is not necessarily an issue, but it may result in certain features or optimizations being disabled. You can sometimes fix these issues by upgrading your graphics driver.
[14:41:52] [main/INFO]: Initializing MixinExtras via com.llamalad7.mixinextras.service.MixinExtrasServiceImpl(version=0.5.0).
[14:41:53] [Datafixer Bootstrap/INFO]: 278 Datafixer optimizations took 329 milliseconds
[14:41:58] [Render thread/INFO]: Environment: Environment[sessionHost=https://sessionserver.mojang.com, servicesHost=https://api.minecraftservices.com, profilesHost=https://api.mojang.com, name=PROD]
[14:41:58] [Render thread/INFO]: Setting user: formaggio2626
[14:41:58] [Render thread/INFO]: Firework Elytra Mod Initialized
[14:41:58] [Render thread/INFO]: [AngleSnap] Loading config file...
[14:41:58] [Render thread/INFO]: [AngleSnap] Writing config file...
[14:41:58] [Render thread/INFO]: [Indigo] Different rendering plugin detected; not applying Indigo.
[14:41:58] [Render thread/INFO]: Checking mod updates...
[14:41:58] [Render thread/INFO]: Vault Tracker Client Initialized
[14:41:59] [Render thread/INFO]: Backend library: LWJGL version 3.3.3-snapshot
[14:41:59] [Render thread/INFO]: Modifying process environment to apply workarounds for the NVIDIA graphics driver...
[14:41:59] [ForkJoinPool.commonPool-worker-1/WARN]: [Iris Update Check] This version doesn't have an update index, skipping.
[14:42:00] [Render thread/INFO]: Debug functionality is disabled.
[14:42:00] [Render thread/INFO]: ARB_direct_state_access detected, enabling DSA.
[14:42:00] [Render thread/INFO]: Shaders are disabled because enableShaders is set to false in iris.properties
[14:42:00] [Render thread/INFO]: OpenGL Vendor: NVIDIA Corporation
[14:42:00] [Render thread/INFO]: OpenGL Renderer: NVIDIA GeForce RTX 4060 Laptop GPU/PCIe/SSE2
[14:42:00] [Render thread/INFO]: OpenGL Version: 3.3.0 NVIDIA 581.29
[14:42:00] [Render thread/INFO]: Modifying OpenGL context to apply workarounds for the NVIDIA graphics driver...
[14:42:00] [Render thread/INFO]: Enabling GL_DEBUG_OUTPUT_SYNCHRONOUS to force the NVIDIA driver to disable threaded command submission
[14:42:00] [Render thread/INFO]: Using optional rendering extensions: GL_ARB_buffer_storage, GL_KHR_debug, GL_ARB_vertex_attrib_binding, GL_ARB_direct_state_access
[14:42:01] [Render thread/INFO]: Hardware information:
[14:42:01] [Render thread/INFO]: CPU: 20x 13th Gen Intel(R) Core(TM) i9-13900H
[14:42:01] [Render thread/INFO]: GPU: NVIDIA GeForce RTX 4060 Laptop GPU/PCIe/SSE2 (Supports OpenGL 3.3.0 NVIDIA 581.29)
[14:42:01] [Render thread/INFO]: OS: Windows 11 (10.0)
[14:42:01] [Render thread/INFO]: Reloading ResourceManager: vanilla, fabric, anglesnap, fabric-api, fabric-api-base, fabric-api-lookup-api-v1, fabric-biome-api-v1, fabric-block-api-v1, fabric-block-view-api-v2, fabric-command-api-v2, fabric-content-registries-v0, fabric-convention-tags-v1, fabric-convention-tags-v2, fabric-crash-report-info-v1, fabric-data-attachment-api-v1, fabric-data-generation-api-v1, fabric-dimensions-v1, fabric-entity-events-v1, fabric-events-interaction-v0, fabric-game-rule-api-v1, fabric-item-api-v1, fabric-item-group-api-v1, fabric-key-binding-api-v1, fabric-language-kotlin, fabric-lifecycle-events-v1, fabric-loot-api-v2, fabric-loot-api-v3, fabric-message-api-v1, fabric-model-loading-api-v1, fabric-networking-api-v1, fabric-object-builder-api-v1, fabric-particles-v1, fabric-recipe-api-v1, fabric-registry-sync-v0, fabric-renderer-api-v1, fabric-renderer-indigo, fabric-rendering-fluids-v1, fabric-rendering-v1, fabric-resource-conditions-api-v1, fabric-resource-loader-v0, fabric-resource-loader-v1, fabric-screen-api-v1, fabric-screen-handler-api-v1, fabric-serialization-api-v1, fabric-sound-api-v1, fabric-tag-api-v1, fabric-transfer-api-v1, fabric-transitive-access-wideners-v1, fabricloader, iris, modmenu, placeholder-api, sodium, vaulttracker
[14:42:01] [Worker-Main-18/INFO]: Found unifont_all_no_pua-16.0.03.hex, loading
[14:42:01] [Worker-Main-5/INFO]: Found unifont_pua-16.0.03.hex, loading
[14:42:01] [Worker-Main-19/INFO]: Found unifont_jp_patch-16.0.03.hex, loading
[14:42:02] [Render thread/INFO]: OpenAL initialized on device OpenAL Soft on ヘッドホン (Technics EAH-AZ80)
[14:42:02] [Render thread/INFO]: Sound engine started
[14:42:02] [Render thread/INFO]: Created: 512x256x0 minecraft:textures/atlas/particles.png-atlas
[14:42:02] [Render thread/INFO]: Created: 128x64x0 minecraft:textures/atlas/decorated_pot.png-atlas
[14:42:02] [Render thread/INFO]: Created: 2048x1024x0 minecraft:textures/atlas/armor_trims.png-atlas
[14:42:02] [Render thread/INFO]: Created: 512x256x0 minecraft:textures/atlas/paintings.png-atlas
[14:42:02] [Render thread/INFO]: Created: 512x512x0 minecraft:textures/atlas/shield_patterns.png-atlas
[14:42:02] [Render thread/INFO]: Created: 1024x512x4 minecraft:textures/atlas/blocks.png-atlas
[14:42:02] [Render thread/INFO]: Created: 512x256x0 minecraft:textures/atlas/chest.png-atlas
[14:42:02] [Render thread/INFO]: Created: 512x512x0 minecraft:textures/atlas/banner_patterns.png-atlas
[14:42:02] [Render thread/INFO]: Created: 512x256x0 minecraft:textures/atlas/beds.png-atlas
[14:42:02] [Render thread/INFO]: Created: 1024x512x0 minecraft:textures/atlas/gui.png-atlas
[14:42:02] [Render thread/INFO]: Created: 64x64x0 minecraft:textures/atlas/map_decorations.png-atlas
[14:42:02] [Render thread/INFO]: Created: 256x256x0 minecraft:textures/atlas/signs.png-atlas
[14:42:02] [Render thread/INFO]: Created: 512x256x0 minecraft:textures/atlas/shulker_boxes.png-atlas
[14:42:03] [Render thread/INFO]: Creating pipeline for dimension minecraft:overworld
[14:42:11] [Render thread/INFO]: Loaded 1461 recipes
[14:42:11] [Render thread/INFO]: Loaded 1574 advancements
[14:42:29] [Render thread/INFO]: Applied 0 biome modifications to 0 of 65 new biomes in 1.076 ms
[14:42:29] [Server thread/INFO]: Starting integrated minecraft server version 1.21.10
[14:42:29] [Server thread/INFO]: Generating keypair
[14:42:30] [Server thread/INFO]: Selecting global world spawn...
[14:42:32] [Server thread/INFO]: Loading 0 persistent chunks...
[14:42:32] [Server thread/INFO]: Preparing spawn area: 16%
[14:42:32] [Render thread/INFO]: OpenGL debug message: id=1280, source=API, type=ERROR, severity=HIGH, message='GL_INVALID_ENUM error generated.'
[14:42:33] [Server thread/INFO]: Loading 47 chunks for player spawn...
[14:42:33] [Server thread/INFO]: Preparing spawn area: 16%
[14:42:33] [Server thread/INFO]: Preparing spawn area: 16%
[14:42:33] [Server thread/INFO]: Preparing spawn area: 16%
[14:42:33] [Server thread/INFO]: Preparing spawn area: 16%
[14:42:33] [Server thread/INFO]: Preparing spawn area: 16%
[14:42:33] [Server thread/INFO]: Preparing spawn area: 16%
[14:42:33] [Server thread/INFO]: Preparing spawn area: 16%
[14:42:34] [Server thread/INFO]: Preparing spawn area: 29%
[14:42:34] [Server thread/INFO]: Preparing spawn area: 57%
[14:42:35] [Server thread/INFO]: Time elapsed: 4981 ms
[14:42:35] [Server thread/INFO]: formaggio2626[local:E:aa0e52d1] logged in with entity id 5 at (-394.5, 68.0, -305.5)
[14:42:35] [Server thread/INFO]: formaggio2626 joined the game
[14:42:35] [Render thread/INFO]: Reloading pipeline on dimension change: minecraft:overworld => minecraft:overworld
[14:42:35] [Render thread/INFO]: Destroying pipeline minecraft:overworld
[14:42:35] [Render thread/INFO]: Creating pipeline for dimension minecraft:overworld
[14:42:35] [Server thread/INFO]: Changing view distance to 12, from 10
[14:42:35] [Server thread/INFO]: Changing simulation distance to 12, from 0
[14:42:35] [Render thread/INFO]: Started 10 worker threads
[14:42:35] [Render thread/INFO]: [AngleSnap] Loading angles file...
[14:42:35] [Render thread/INFO]: [AngleSnap] Writing angles file...
[14:42:35] [Render thread/INFO]: [AngleSnap] Loading camera positions file...
[14:42:35] [Render thread/INFO]: [AngleSnap] Writing camera positions file...
[14:42:35] [Render thread/INFO]: Loaded 2 advancements
[14:42:36] [Render thread/INFO]: Resizing Dynamic Transforms UBO, capacity limit of 2 reached during a single frame. New capacity will be 4.
[14:42:36] [Render thread/INFO]: Resizing Dynamic Transforms UBO, capacity limit of 4 reached during a single frame. New capacity will be 8.
[14:42:42] [Server thread/INFO]: [formaggio2626: Gamerule keepInventory is now set to: true]
[14:42:42] [Render thread/INFO]: [System] [CHAT] Gamerule keepInventory is now set to: true
[14:43:02] [Server thread/INFO]: Locating element minecraft:trial_chambers took 0 ms
[14:43:02] [Render thread/INFO]: [System] [CHAT] The nearest minecraft:trial_chambers is at [-416, ~, -528] (222 blocks away)
[14:43:03] [Render thread/INFO]: Resizing Dynamic Transforms UBO, capacity limit of 8 reached during a single frame. New capacity will be 16.
[14:43:07] [Server thread/INFO]: [formaggio2626: Teleported formaggio2626 to -415.500000, 68.000000, -527.500000]
[14:43:07] [Render thread/INFO]: [System] [CHAT] Teleported formaggio2626 to -415.500000, 68.000000, -527.500000
[14:43:12] [Server thread/INFO]: [formaggio2626: Set own game mode to Spectator Mode]
[14:43:12] [Render thread/INFO]: [System] [CHAT] Set own game mode to Spectator Mode
[14:43:25] [Server thread/INFO]: formaggio2626 has made the advancement [Minecraft: Trial(s) Edition]
[14:43:25] [Render thread/INFO]: [System] [CHAT] formaggio2626 has made the advancement [Minecraft: Trial(s) Edition]
[14:43:25] [Render thread/INFO]: Loaded 10 advancements
[14:43:31] [Server thread/INFO]: [formaggio2626: Set own game mode to Creative Mode]
[14:43:31] [Render thread/INFO]: [System] [CHAT] Set own game mode to Creative Mode
[14:43:48] [Render thread/ERROR]: Unreported exception thrown!
java.lang.NullPointerException: Cannot invoke "net.minecraft.class_2378.method_29107(net.minecraft.class_5321)" because the return value of "java.util.Optional.orElse(Object)" is null
	at knot/com.antigravity.vaulttracker.VaultLootPredictor.getLootTable(VaultLootPredictor.java:57) ~[vaulttracker-1.0.0.jar:?]
	at knot/com.antigravity.vaulttracker.VaultLootPredictor.predictLoot(VaultLootPredictor.java:29) ~[vaulttracker-1.0.0.jar:?]
	at knot/com.antigravity.vaulttracker.VaultTrackerClient.renderHud(VaultTrackerClient.java:117) ~[vaulttracker-1.0.0.jar:?]
	at knot/net.fabricmc.fabric.api.client.rendering.v1.HudRenderCallback.lambda$static$0(HudRenderCallback.java:33) ~[fabric-rendering-v1-16.2.0+bee81f016f-c69bfe730a25149c.jar:?]
	at knot/net.minecraft.class_329.handler$znc000$fabric-rendering-v1$render(class_329.java:2065) ~[client-intermediary.jar:?]
	at knot/net.minecraft.class_329.method_1753$mixinextras$wrapped$165(class_329.java:246) ~[client-intermediary.jar:?]
	at knot/net.minecraft.class_329.mixinextras$bridge$method_1753$mixinextras$wrapped$165$166(class_329.java) ~[client-intermediary.jar:?]
	at knot/net.minecraft.class_329.wrapMethod$beo000$iris$handleHudHidingScreens(class_329.java:2559) ~[client-intermediary.jar:?]
	at knot/net.minecraft.class_329.method_1753(class_329.java) ~[client-intermediary.jar:?]
	at knot/net.minecraft.class_757.method_3192(class_757.java:564) ~[client-intermediary.jar:?]
	at knot/net.minecraft.class_310.method_1523(class_310.java:1380) ~[client-intermediary.jar:?]
	at knot/net.minecraft.class_310.method_1514(class_310.java:969) [client-intermediary.jar:?]
	at knot/net.minecraft.client.main.Main.main(Main.java:250) [client-intermediary.jar:?]
	at net.fabricmc.loader.impl.game.minecraft.MinecraftGameProvider.launch(MinecraftGameProvider.java:514) [fabric-loader-0.18.1.jar:?]
	at net.fabricmc.loader.impl.launch.knot.Knot.launch(Knot.java:72) [fabric-loader-0.18.1.jar:?]
	at net.fabricmc.loader.impl.launch.knot.KnotClient.main(KnotClient.java:23) [fabric-loader-0.18.1.jar:?]
	at java.base/jdk.internal.reflect.DirectMethodHandleAccessor.invoke(Unknown Source) ~[?:?]
	at java.base/java.lang.reflect.Method.invoke(Unknown Source) ~[?:?]
	at com.modrinth.theseus.MinecraftLaunch.relaunch(MinecraftLaunch.java:63) [theseus.jar:?]
	at com.modrinth.theseus.MinecraftLaunch.main(MinecraftLaunch.java:28) [theseus.jar:?]
[14:43:48] [Server thread/INFO]: Stopping server
[14:43:48] [Server thread/INFO]: Saving players
[14:43:48] [Server thread/INFO]: Saving worlds
[14:43:48] [Netty Local Client IO #0/INFO]: [AngleSnap] Writing angles file...
[14:43:48] [Netty Local Client IO #0/INFO]: [AngleSnap] Writing camera positions file...
[14:43:48] [Server thread/INFO]: Saving chunks for level 'ServerLevel[VTracker_test]'/minecraft:overworld
[14:43:49] [Server thread/INFO]: Saving chunks for level 'ServerLevel[VTracker_test]'/minecraft:the_nether
[14:43:49] [Server thread/INFO]: Saving chunks for level 'ServerLevel[VTracker_test]'/minecraft:the_end
[14:43:49] [Server thread/INFO]: ThreadedAnvilChunkStorage (VTracker_test): All chunks are saved
[14:43:49] [Server thread/INFO]: ThreadedAnvilChunkStorage (DIM-1): All chunks are saved
[14:43:49] [Server thread/INFO]: ThreadedAnvilChunkStorage (DIM1): All chunks are saved
[14:43:49] [Server thread/INFO]: ThreadedAnvilChunkStorage: All dimensions are saved
[14:43:50] [Render thread/INFO]: Stopping worker threads
